11-Apr-2020 08:39:30.613 INFO [main] org.apache.catalina.startup.VersionLoggerListener.log Server version name:   Apache Tomcat/9.0.34
11-Apr-2020 08:39:30.619 INFO [main] org.apache.catalina.startup.VersionLoggerListener.log Server built:          Apr 3 2020 12:02:52 UTC
11-Apr-2020 08:39:30.619 INFO [main] org.apache.catalina.startup.VersionLoggerListener.log Server version number: 9.0.34.0
11-Apr-2020 08:39:30.620 INFO [main] org.apache.catalina.startup.VersionLoggerListener.log OS Name:               Linux
11-Apr-2020 08:39:30.620 INFO [main] org.apache.catalina.startup.VersionLoggerListener.log OS Version:            2.6.32-042stab142.1
11-Apr-2020 08:39:30.620 INFO [main] org.apache.catalina.startup.VersionLoggerListener.log Architecture:          amd64
11-Apr-2020 08:39:30.621 INFO [main] org.apache.catalina.startup.VersionLoggerListener.log Java Home:             /usr/lib/jvm/java-8-openjdk-amd64/jre
11-Apr-2020 08:39:30.621 INFO [main] org.apache.catalina.startup.VersionLoggerListener.log JVM Version:           1.8.0_242-8u242-b08-0ubuntu3~16.04-b08
11-Apr-2020 08:39:30.621 INFO [main] org.apache.catalina.startup.VersionLoggerListener.log JVM Vendor:            Private Build
11-Apr-2020 08:39:30.621 INFO [main] org.apache.catalina.startup.VersionLoggerListener.log CATALINA_BASE:         /opt/tomcat
11-Apr-2020 08:39:30.622 INFO [main] org.apache.catalina.startup.VersionLoggerListener.log CATALINA_HOME:         /opt/tomcat
11-Apr-2020 08:39:30.623 INFO [main] org.apache.catalina.startup.VersionLoggerListener.log Command line argument: -Djava.util.logging.config.file=/opt/tomcat/conf/logging.properties
11-Apr-2020 08:39:30.623 INFO [main] org.apache.catalina.startup.VersionLoggerListener.log Command line argument: -Djava.util.logging.manager=org.apache.juli.ClassLoaderLogManager
11-Apr-2020 08:39:30.623 INFO [main] org.apache.catalina.startup.VersionLoggerListener.log Command line argument: -Dfile.encoding=UTF-8
11-Apr-2020 08:39:30.624 INFO [main] org.apache.catalina.startup.VersionLoggerListener.log Command line argument: -Dnet.sf.ehcache.skipUpdateCheck=true
11-Apr-2020 08:39:30.624 INFO [main] org.apache.catalina.startup.VersionLoggerListener.log Command line argument: -XX:+UseConcMarkSweepGC
11-Apr-2020 08:39:30.624 INFO [main] org.apache.catalina.startup.VersionLoggerListener.log Command line argument: -XX:+CMSClassUnloadingEnabled
11-Apr-2020 08:39:30.624 INFO [main] org.apache.catalina.startup.VersionLoggerListener.log Command line argument: -XX:+UseParNewGC
11-Apr-2020 08:39:30.625 INFO [main] org.apache.catalina.startup.VersionLoggerListener.log Command line argument: -Djdk.tls.ephemeralDHKeySize=2048
11-Apr-2020 08:39:30.625 INFO [main] org.apache.catalina.startup.VersionLoggerListener.log Command line argument: -Djava.protocol.handler.pkgs=org.apache.catalina.webresources
11-Apr-2020 08:39:30.626 INFO [main] org.apache.catalina.startup.VersionLoggerListener.log Command line argument: -Dorg.apache.catalina.security.SecurityListener.UMASK=0027
11-Apr-2020 08:39:30.626 INFO [main] org.apache.catalina.startup.VersionLoggerListener.log Command line argument: -Xms512m
11-Apr-2020 08:39:30.626 INFO [main] org.apache.catalina.startup.VersionLoggerListener.log Command line argument: -Xmx512m
11-Apr-2020 08:39:30.627 INFO [main] org.apache.catalina.startup.VersionLoggerListener.log Command line argument: -Dignore.endorsed.dirs=
11-Apr-2020 08:39:30.627 INFO [main] org.apache.catalina.startup.VersionLoggerListener.log Command line argument: -Dcatalina.base=/opt/tomcat
11-Apr-2020 08:39:30.627 INFO [main] org.apache.catalina.startup.VersionLoggerListener.log Command line argument: -Dcatalina.home=/opt/tomcat
11-Apr-2020 08:39:30.627 INFO [main] org.apache.catalina.startup.VersionLoggerListener.log Command line argument: -Djava.io.tmpdir=/opt/tomcat/temp
11-Apr-2020 08:39:30.628 INFO [main] org.apache.catalina.core.AprLifecycleListener.lifecycleEvent The APR based Apache Tomcat Native library which allows optimal performance in production environments was not found on the java.library.path: [/usr/java/packages/lib/amd64:/usr/lib/x86_64-linux-gnu/jni:/lib/x86_64-linux-gnu:/usr/lib/x86_64-linux-gnu:/usr/lib/jni:/lib:/usr/lib]
11-Apr-2020 08:39:31.259 INFO [main] org.apache.coyote.AbstractProtocol.init Initializing ProtocolHandler ["http-nio-5000"]
11-Apr-2020 08:39:31.333 INFO [main] org.apache.catalina.startup.Catalina.load Server initialization in [1,114] milliseconds
11-Apr-2020 08:39:31.387 INFO [main] org.apache.catalina.core.StandardService.startInternal Starting service [Catalina]
11-Apr-2020 08:39:31.387 INFO [main] org.apache.catalina.core.StandardEngine.startInternal Starting Servlet engine: [Apache Tomcat/9.0.34]
11-Apr-2020 08:39:31.415 INFO [main] org.apache.catalina.startup.HostConfig.deployDirectory Deploying web application directory [/opt/tomcat/webapps/ROOT]
11-Apr-2020 08:39:31.940 FINE [main] org.apache.jasper.servlet.TldScanner.scanResourcePaths No TLD files were found in resource path [/WEB-INF/].
11-Apr-2020 08:39:33.424 WARNING [main] org.apache.catalina.util.SessionIdGeneratorBase.createSecureRandom Creation of SecureRandom instance for session ID generation using [SHA1PRNG] took [1,478] milliseconds.
11-Apr-2020 08:39:33.451 INFO [main] org.apache.catalina.startup.HostConfig.deployDirectory Deployment of web application directory [/opt/tomcat/webapps/ROOT] has finished in [2,035] ms
11-Apr-2020 08:39:33.451 INFO [main] org.apache.catalina.startup.HostConfig.deployDirectory Deploying web application directory [/opt/tomcat/webapps/host-manager]
11-Apr-2020 08:39:33.526 FINE [main] org.apache.jasper.servlet.TldScanner.scanResourcePaths No TLD files were found in resource path [/WEB-INF/jsp/].
11-Apr-2020 08:39:33.526 FINE [main] org.apache.jasper.servlet.TldScanner.scanResourcePaths No TLD files were found in resource path [/WEB-INF/].
11-Apr-2020 08:39:33.538 INFO [main] org.apache.catalina.startup.HostConfig.deployDirectory Deployment of web application directory [/opt/tomcat/webapps/host-manager] has finished in [87] ms
11-Apr-2020 08:39:33.539 INFO [main] org.apache.catalina.startup.HostConfig.deployDirectory Deploying web application directory [/opt/tomcat/webapps/wic2_war_exploded]
11-Apr-2020 08:39:38.137 FINE [main] org.apache.jasper.servlet.TldScanner.scanResourcePaths No TLD files were found in resource path [/WEB-INF/].
11-Apr-2020 08:39:38.142 FINE [main] org.apache.jasper.servlet.TldScanner$TldScannerCallback.scan No TLD files were found in [file:/opt/tomcat/webapps/wic2_war_exploded/WEB-INF/lib/jandex-2.1.1.Final.jar]. Consider adding the JAR to the tomcat.util.scan.StandardJarScanFilter.jarsToSkip property in CATALINA_BASE/conf/catalina.properties file.
11-Apr-2020 08:39:38.143 FINE [main] org.apache.jasper.servlet.TldScanner$TldScannerCallback.scan No TLD files were found in [file:/opt/tomcat/webapps/wic2_war_exploded/WEB-INF/lib/antlr-2.7.7.jar]. Consider adding the JAR to the tomcat.util.scan.StandardJarScanFilter.jarsToSkip property in CATALINA_BASE/conf/catalina.properties file.
11-Apr-2020 08:39:38.143 FINE [main] org.apache.jasper.servlet.TldScanner$TldScannerCallback.scan No TLD files were found in [file:/opt/tomcat/webapps/wic2_war_exploded/WEB-INF/lib/jakarta.transaction-api-1.3.3.jar]. Consider adding the JAR to the tomcat.util.scan.StandardJarScanFilter.jarsToSkip property in CATALINA_BASE/conf/catalina.properties file.
11-Apr-2020 08:39:38.145 FINE [main] org.apache.jasper.servlet.TldScanner$TldScannerCallback.scan No TLD files were found in [file:/opt/tomcat/webapps/wic2_war_exploded/WEB-INF/lib/jackson-databind-2.10.3.jar]. Consider adding the JAR to the tomcat.util.scan.StandardJarScanFilter.jarsToSkip property in CATALINA_BASE/conf/catalina.properties file.
11-Apr-2020 08:39:38.146 FINE [main] org.apache.jasper.servlet.TldScanner$TldScannerCallback.scan No TLD files were found in [file:/opt/tomcat/webapps/wic2_war_exploded/WEB-INF/lib/jul-to-slf4j-1.7.30.jar]. Consider adding the JAR to the tomcat.util.scan.StandardJarScanFilter.jarsToSkip property in CATALINA_BASE/conf/catalina.properties file.
11-Apr-2020 08:39:38.146 FINE [main] org.apache.jasper.servlet.TldScanner$TldScannerCallback.scan No TLD files were found in [file:/opt/tomcat/webapps/wic2_war_exploded/WEB-INF/lib/classmate-1.5.1.jar]. Consider adding the JAR to the tomcat.util.scan.StandardJarScanFilter.jarsToSkip property in CATALINA_BASE/conf/catalina.properties file.
11-Apr-2020 08:39:38.146 FINE [main] org.apache.jasper.servlet.TldScanner$TldScannerCallback.scan No TLD files were found in [file:/opt/tomcat/webapps/wic2_war_exploded/WEB-INF/lib/spring-boot-starter-data-jpa-2.2.6.RELEASE.jar]. Consider adding the JAR to the tomcat.util.scan.StandardJarScanFilter.jarsToSkip property in CATALINA_BASE/conf/catalina.properties file.
11-Apr-2020 08:39:38.147 FINE [main] org.apache.jasper.servlet.TldScanner$TldScannerCallback.scan No TLD files were found in [file:/opt/tomcat/webapps/wic2_war_exploded/WEB-INF/lib/google-collections-1.0.jar]. Consider adding the JAR to the tomcat.util.scan.StandardJarScanFilter.jarsToSkip property in CATALINA_BASE/conf/catalina.properties file.
11-Apr-2020 08:39:38.148 FINE [main] org.apache.jasper.servlet.TldScanner$TldScannerCallback.scan No TLD files were found in [file:/opt/tomcat/webapps/wic2_war_exploded/WEB-INF/lib/javassist-3.24.0-GA.jar]. Consider adding the JAR to the tomcat.util.scan.StandardJarScanFilter.jarsToSkip property in CATALINA_BASE/conf/catalina.properties file.
11-Apr-2020 08:39:38.149 FINE [main] org.apache.jasper.servlet.TldScanner$TldScannerCallback.scan No TLD files were found in [file:/opt/tomcat/webapps/wic2_war_exploded/WEB-INF/lib/spring-context-5.2.5.RELEASE.jar]. Consider adding the JAR to the tomcat.util.scan.StandardJarScanFilter.jarsToSkip property in CATALINA_BASE/conf/catalina.properties file.
11-Apr-2020 08:39:38.161 FINE [main] org.apache.jasper.servlet.TldScanner$TldScannerCallback.scan No TLD files were found in [file:/opt/tomcat/webapps/wic2_war_exploded/WEB-INF/lib/jakarta.activation-1.2.2.jar]. Consider adding the JAR to the tomcat.util.scan.StandardJarScanFilter.jarsToSkip property in CATALINA_BASE/conf/catalina.properties file.
11-Apr-2020 08:39:38.161 FINE [main] org.apache.jasper.servlet.TldScanner$TldScannerCallback.scan No TLD files were found in [file:/opt/tomcat/webapps/wic2_war_exploded/WEB-INF/lib/spring-boot-starter-2.2.6.RELEASE.jar]. Consider adding the JAR to the tomcat.util.scan.StandardJarScanFilter.jarsToSkip property in CATALINA_BASE/conf/catalina.properties file.
11-Apr-2020 08:39:38.161 FINE [main] org.apache.jasper.servlet.TldScanner$TldScannerCallback.scan No TLD files were found in [file:/opt/tomcat/webapps/wic2_war_exploded/WEB-INF/lib/istack-commons-runtime-3.0.8.jar]. Consider adding the JAR to the tomcat.util.scan.StandardJarScanFilter.jarsToSkip property in CATALINA_BASE/conf/catalina.properties file.
11-Apr-2020 08:39:38.163 FINE [main] org.apache.jasper.servlet.TldScanner$TldScannerCallback.scan No TLD files were found in [file:/opt/tomcat/webapps/wic2_war_exploded/WEB-INF/lib/spring-boot-2.2.6.RELEASE.jar]. Consider adding the JAR to the tomcat.util.scan.StandardJarScanFilter.jarsToSkip property in CATALINA_BASE/conf/catalina.properties file.
11-Apr-2020 08:39:38.166 FINE [main] org.apache.jasper.servlet.TldScanner$TldScannerCallback.scan No TLD files were found in [file:/opt/tomcat/webapps/wic2_war_exploded/WEB-INF/lib/spring-aspects-5.2.5.RELEASE.jar]. Consider adding the JAR to the tomcat.util.scan.StandardJarScanFilter.jarsToSkip property in CATALINA_BASE/conf/catalina.properties file.
11-Apr-2020 08:39:38.166 FINE [main] org.apache.jasper.servlet.TldScanner$TldScannerCallback.scan No TLD files were found in [file:/opt/tomcat/webapps/wic2_war_exploded/WEB-INF/lib/unbescape-1.1.6.RELEASE.jar]. Consider adding the JAR to the tomcat.util.scan.StandardJarScanFilter.jarsToSkip property in CATALINA_BASE/conf/catalina.properties file.
11-Apr-2020 08:39:38.167 FINE [main] org.apache.jasper.servlet.TldScanner$TldScannerCallback.scan No TLD files were found in [file:/opt/tomcat/webapps/wic2_war_exploded/WEB-INF/lib/jackson-core-2.10.3.jar]. Consider adding the JAR to the tomcat.util.scan.StandardJarScanFilter.jarsToSkip property in CATALINA_BASE/conf/catalina.properties file.
11-Apr-2020 08:39:38.168 FINE [main] org.apache.jasper.servlet.TldScanner$TldScannerCallback.scan No TLD files were found in [file:/opt/tomcat/webapps/wic2_war_exploded/WEB-INF/lib/attoparser-2.0.5.RELEASE.jar]. Consider adding the JAR to the tomcat.util.scan.StandardJarScanFilter.jarsToSkip property in CATALINA_BASE/conf/catalina.properties file.
11-Apr-2020 08:39:38.168 FINE [main] org.apache.jasper.servlet.TldScanner$TldScannerCallback.scan No TLD files were found in [file:/opt/tomcat/webapps/wic2_war_exploded/WEB-INF/lib/stax-ex-1.8.1.jar]. Consider adding the JAR to the tomcat.util.scan.StandardJarScanFilter.jarsToSkip property in CATALINA_BASE/conf/catalina.properties file.
11-Apr-2020 08:39:38.169 FINE [main] org.apache.jasper.servlet.TldScanner$TldScannerCallback.scan No TLD files were found in [file:/opt/tomcat/webapps/wic2_war_exploded/WEB-INF/lib/jakarta.persistence-api-2.2.3.jar]. Consider adding the JAR to the tomcat.util.scan.StandardJarScanFilter.jarsToSkip property in CATALINA_BASE/conf/catalina.properties file.
11-Apr-2020 08:39:38.170 FINE [main] org.apache.jasper.servlet.TldScanner$TldScannerCallback.scan No TLD files were found in [file:/opt/tomcat/webapps/wic2_war_exploded/WEB-INF/lib/logback-core-1.2.3.jar]. Consider adding the JAR to the tomcat.util.scan.StandardJarScanFilter.jarsToSkip property in CATALINA_BASE/conf/catalina.properties file.
11-Apr-2020 08:39:38.170 FINE [main] org.apache.jasper.servlet.TldScanner$TldScannerCallback.scan No TLD files were found in [file:/opt/tomcat/webapps/wic2_war_exploded/WEB-INF/lib/spring-boot-starter-thymeleaf-2.2.6.RELEASE.jar]. Consider adding the JAR to the tomcat.util.scan.StandardJarScanFilter.jarsToSkip property in CATALINA_BASE/conf/catalina.properties file.
11-Apr-2020 08:39:38.172 FINE [main] org.apache.jasper.servlet.TldScanner$TldScannerCallback.scan No TLD files were found in [file:/opt/tomcat/webapps/wic2_war_exploded/WEB-INF/lib/jboss-logging-3.4.1.Final.jar]. Consider adding the JAR to the tomcat.util.scan.StandardJarScanFilter.jarsToSkip property in CATALINA_BASE/conf/catalina.properties file.
11-Apr-2020 08:39:38.172 FINE [main] org.apache.jasper.servlet.TldScanner$TldScannerCallback.scan No TLD files were found in [file:/opt/tomcat/webapps/wic2_war_exploded/WEB-INF/lib/HikariCP-3.4.2.jar]. Consider adding the JAR to the tomcat.util.scan.StandardJarScanFilter.jarsToSkip property in CATALINA_BASE/conf/catalina.properties file.
11-Apr-2020 08:39:38.173 FINE [main] org.apache.jasper.servlet.TldScanner$TldScannerCallback.scan No TLD files were found in [file:/opt/tomcat/webapps/wic2_war_exploded/WEB-INF/lib/spring-aop-5.2.5.RELEASE.jar]. Consider adding the JAR to the tomcat.util.scan.StandardJarScanFilter.jarsToSkip property in CATALINA_BASE/conf/catalina.properties file.
11-Apr-2020 08:39:38.173 FINE [main] org.apache.jasper.servlet.TldScanner$TldScannerCallback.scan No TLD files were found in [file:/opt/tomcat/webapps/wic2_war_exploded/WEB-INF/lib/jakarta.annotation-api-1.3.5.jar]. Consider adding the JAR to the tomcat.util.scan.StandardJarScanFilter.jarsToSkip property in CATALINA_BASE/conf/catalina.properties file.
11-Apr-2020 08:39:38.174 FINE [main] org.apache.jasper.servlet.TldScanner$TldScannerCallback.scan No TLD files were found in [file:/opt/tomcat/webapps/wic2_war_exploded/WEB-INF/lib/spring-boot-starter-jdbc-2.2.6.RELEASE.jar]. Consider adding the JAR to the tomcat.util.scan.StandardJarScanFilter.jarsToSkip property in CATALINA_BASE/conf/catalina.properties file.
11-Apr-2020 08:39:38.175 FINE [main] org.apache.jasper.servlet.TldScanner$TldScannerCallback.scan No TLD files were found in [file:/opt/tomcat/webapps/wic2_war_exploded/WEB-INF/lib/spring-boot-starter-mail-2.2.6.RELEASE.jar]. Consider adding the JAR to the tomcat.util.scan.StandardJarScanFilter.jarsToSkip property in CATALINA_BASE/conf/catalina.properties file.
11-Apr-2020 08:39:38.175 FINE [main] org.apache.jasper.servlet.TldScanner$TldScannerCallback.scan No TLD files were found in [file:/opt/tomcat/webapps/wic2_war_exploded/WEB-INF/lib/spring-boot-starter-aop-2.2.6.RELEASE.jar]. Consider adding the JAR to the tomcat.util.scan.StandardJarScanFilter.jarsToSkip property in CATALINA_BASE/conf/catalina.properties file.
11-Apr-2020 08:39:38.177 FINE [main] org.apache.jasper.servlet.TldScanner$TldScannerCallback.scan No TLD files were found in [file:/opt/tomcat/webapps/wic2_war_exploded/WEB-INF/lib/spring-boot-autoconfigure-2.2.6.RELEASE.jar]. Consider adding the JAR to the tomcat.util.scan.StandardJarScanFilter.jarsToSkip property in CATALINA_BASE/conf/catalina.properties file.
11-Apr-2020 08:39:38.188 FINE [main] org.apache.jasper.servlet.TldScanner$TldScannerCallback.scan No TLD files were found in [file:/opt/tomcat/webapps/wic2_war_exploded/WEB-INF/lib/jakarta.activation-api-1.2.2.jar]. Consider adding the JAR to the tomcat.util.scan.StandardJarScanFilter.jarsToSkip property in CATALINA_BASE/conf/catalina.properties file.
11-Apr-2020 08:39:38.189 FINE [main] org.apache.jasper.servlet.TldScanner$TldScannerCallback.scan No TLD files were found in [file:/opt/tomcat/webapps/wic2_war_exploded/WEB-INF/lib/spring-web-5.2.5.RELEASE.jar]. Consider adding the JAR to the tomcat.util.scan.StandardJarScanFilter.jarsToSkip property in CATALINA_BASE/conf/catalina.properties file.
11-Apr-2020 08:39:38.190 FINE [main] org.apache.jasper.servlet.TldScanner$TldScannerCallback.scan No TLD files were found in [file:/opt/tomcat/webapps/wic2_war_exploded/WEB-INF/lib/spring-beans-5.2.5.RELEASE.jar]. Consider adding the JAR to the tomcat.util.scan.StandardJarScanFilter.jarsToSkip property in CATALINA_BASE/conf/catalina.properties file.
11-Apr-2020 08:39:38.190 FINE [main] org.apache.jasper.servlet.TldScanner$TldScannerCallback.scan No TLD files were found in [file:/opt/tomcat/webapps/wic2_war_exploded/WEB-INF/lib/jakarta.xml.bind-api-2.3.3.jar]. Consider adding the JAR to the tomcat.util.scan.StandardJarScanFilter.jarsToSkip property in CATALINA_BASE/conf/catalina.properties file.
11-Apr-2020 08:39:38.190 FINE [main] org.apache.jasper.servlet.TldScanner$TldScannerCallback.scan No TLD files were found in [file:/opt/tomcat/webapps/wic2_war_exploded/WEB-INF/lib/spring-boot-starter-logging-2.2.6.RELEASE.jar]. Consider adding the JAR to the tomcat.util.scan.StandardJarScanFilter.jarsToSkip property in CATALINA_BASE/conf/catalina.properties file.
11-Apr-2020 08:39:38.191 FINE [main] org.apache.jasper.servlet.TldScanner$TldScannerCallback.scan No TLD files were found in [file:/opt/tomcat/webapps/wic2_war_exploded/WEB-INF/lib/spring-context-support-5.2.5.RELEASE.jar]. Consider adding the JAR to the tomcat.util.scan.StandardJarScanFilter.jarsToSkip property in CATALINA_BASE/conf/catalina.properties file.
11-Apr-2020 08:39:38.191 FINE [main] org.apache.jasper.servlet.TldScanner$TldScannerCallback.scan No TLD files were found in [file:/opt/tomcat/webapps/wic2_war_exploded/WEB-INF/lib/thymeleaf-spring5-3.0.11.RELEASE.jar]. Consider adding the JAR to the tomcat.util.scan.StandardJarScanFilter.jarsToSkip property in CATALINA_BASE/conf/catalina.properties file.
11-Apr-2020 08:39:38.192 FINE [main] org.apache.jasper.servlet.TldScanner$TldScannerCallback.scan No TLD files were found in [file:/opt/tomcat/webapps/wic2_war_exploded/WEB-INF/lib/spring-expression-5.2.5.RELEASE.jar]. Consider adding the JAR to the tomcat.util.scan.StandardJarScanFilter.jarsToSkip property in CATALINA_BASE/conf/catalina.properties file.
11-Apr-2020 08:39:38.193 FINE [main] org.apache.jasper.servlet.TldScanner$TldScannerCallback.scan No TLD files were found in [file:/opt/tomcat/webapps/wic2_war_exploded/WEB-INF/lib/spring-boot-starter-validation-2.2.6.RELEASE.jar]. Consider adding the JAR to the tomcat.util.scan.StandardJarScanFilter.jarsToSkip property in CATALINA_BASE/conf/catalina.properties file.
11-Apr-2020 08:39:38.194 FINE [main] org.apache.jasper.servlet.TldScanner$TldScannerCallback.scan No TLD files were found in [file:/opt/tomcat/webapps/wic2_war_exploded/WEB-INF/lib/snakeyaml-1.25.jar]. Consider adding the JAR to the tomcat.util.scan.StandardJarScanFilter.jarsToSkip property in CATALINA_BASE/conf/catalina.properties file.
11-Apr-2020 08:39:38.195 FINE [main] org.apache.jasper.servlet.TldScanner$TldScannerCallback.scan No TLD files were found in [file:/opt/tomcat/webapps/wic2_war_exploded/WEB-INF/lib/jackson-datatype-jsr310-2.10.3.jar]. Consider adding the JAR to the tomcat.util.scan.StandardJarScanFilter.jarsToSkip property in CATALINA_BASE/conf/catalina.properties file.
11-Apr-2020 08:39:38.197 FINE [main] org.apache.jasper.servlet.TldScanner$TldScannerCallback.scan No TLD files were found in [file:/opt/tomcat/webapps/wic2_war_exploded/WEB-INF/lib/byte-buddy-1.10.8.jar]. Consider adding the JAR to the tomcat.util.scan.StandardJarScanFilter.jarsToSkip property in CATALINA_BASE/conf/catalina.properties file.
11-Apr-2020 08:39:38.197 FINE [main] org.apache.jasper.servlet.TldScanner$TldScannerCallback.scan No TLD files were found in [file:/opt/tomcat/webapps/wic2_war_exploded/WEB-INF/lib/FastInfoset-1.2.16.jar]. Consider adding the JAR to the tomcat.util.scan.StandardJarScanFilter.jarsToSkip property in CATALINA_BASE/conf/catalina.properties file.
11-Apr-2020 08:39:38.198 FINE [main] org.apache.jasper.servlet.TldScanner$TldScannerCallback.scan No TLD files were found in [file:/opt/tomcat/webapps/wic2_war_exploded/WEB-INF/lib/postgresql-42.2.11.jar]. Consider adding the JAR to the tomcat.util.scan.StandardJarScanFilter.jarsToSkip property in CATALINA_BASE/conf/catalina.properties file.
11-Apr-2020 08:39:38.199 FINE [main] org.apache.jasper.servlet.TldScanner$TldScannerCallback.scan No TLD files were found in [file:/opt/tomcat/webapps/wic2_war_exploded/WEB-INF/lib/jakarta.mail-1.6.5.jar]. Consider adding the JAR to the tomcat.util.scan.StandardJarScanFilter.jarsToSkip property in CATALINA_BASE/conf/catalina.properties file.
11-Apr-2020 08:39:38.200 FINE [main] org.apache.jasper.servlet.TldScanner$TldScannerCallback.scan No TLD files were found in [file:/opt/tomcat/webapps/wic2_war_exploded/WEB-INF/lib/spring-jcl-5.2.5.RELEASE.jar]. Consider adding the JAR to the tomcat.util.scan.StandardJarScanFilter.jarsToSkip property in CATALINA_BASE/conf/catalina.properties file.
11-Apr-2020 08:39:38.201 FINE [main] org.apache.jasper.servlet.TldScanner$TldScannerCallback.scan No TLD files were found in [file:/opt/tomcat/webapps/wic2_war_exploded/WEB-INF/lib/thymeleaf-3.0.11.RELEASE.jar]. Consider adding the JAR to the tomcat.util.scan.StandardJarScanFilter.jarsToSkip property in CATALINA_BASE/conf/catalina.properties file.
11-Apr-2020 08:39:38.214 FINE [main] org.apache.jasper.servlet.TldScanner$TldScannerCallback.scan No TLD files were found in [file:/opt/tomcat/webapps/wic2_war_exploded/WEB-INF/lib/modelmapper-2.3.2.jar]. Consider adding the JAR to the tomcat.util.scan.StandardJarScanFilter.jarsToSkip property in CATALINA_BASE/conf/catalina.properties file.
11-Apr-2020 08:39:38.215 FINE [main] org.apache.jasper.servlet.TldScanner$TldScannerCallback.scan No TLD files were found in [file:/opt/tomcat/webapps/wic2_war_exploded/WEB-INF/lib/jackson-module-parameter-names-2.10.3.jar]. Consider adding the JAR to the tomcat.util.scan.StandardJarScanFilter.jarsToSkip property in CATALINA_BASE/conf/catalina.properties file.
11-Apr-2020 08:39:38.215 FINE [main] org.apache.jasper.servlet.TldScanner$TldScannerCallback.scan No TLD files were found in [file:/opt/tomcat/webapps/wic2_war_exploded/WEB-INF/lib/thymeleaf-extras-java8time-3.0.4.RELEASE.jar]. Consider adding the JAR to the tomcat.util.scan.StandardJarScanFilter.jarsToSkip property in CATALINA_BASE/conf/catalina.properties file.
11-Apr-2020 08:39:38.215 FINE [main] org.apache.jasper.servlet.TldScanner$TldScannerCallback.scan No TLD files were found in [file:/opt/tomcat/webapps/wic2_war_exploded/WEB-INF/lib/spring-boot-starter-web-2.2.6.RELEASE.jar]. Consider adding the JAR to the tomcat.util.scan.StandardJarScanFilter.jarsToSkip property in CATALINA_BASE/conf/catalina.properties file.
11-Apr-2020 08:39:38.216 FINE [main] org.apache.jasper.servlet.TldScanner$TldScannerCallback.scan No TLD files were found in [file:/opt/tomcat/webapps/wic2_war_exploded/WEB-INF/lib/spring-orm-5.2.5.RELEASE.jar]. Consider adding the JAR to the tomcat.util.scan.StandardJarScanFilter.jarsToSkip property in CATALINA_BASE/conf/catalina.properties file.
11-Apr-2020 08:39:38.217 FINE [main] org.apache.jasper.servlet.TldScanner$TldScannerCallback.scan No TLD files were found in [file:/opt/tomcat/webapps/wic2_war_exploded/WEB-INF/lib/spring-data-jpa-2.2.6.RELEASE.jar]. Consider adding the JAR to the tomcat.util.scan.StandardJarScanFilter.jarsToSkip property in CATALINA_BASE/conf/catalina.properties file.
11-Apr-2020 08:39:38.217 FINE [main] org.apache.jasper.servlet.TldScanner$TldScannerCallback.scan No TLD files were found in [file:/opt/tomcat/webapps/wic2_war_exploded/WEB-INF/lib/txw2-2.3.2.jar]. Consider adding the JAR to the tomcat.util.scan.StandardJarScanFilter.jarsToSkip property in CATALINA_BASE/conf/catalina.properties file.
11-Apr-2020 08:39:38.218 FINE [main] org.apache.jasper.servlet.TldScanner$TldScannerCallback.scan No TLD files were found in [file:/opt/tomcat/webapps/wic2_war_exploded/WEB-INF/lib/spring-tx-5.2.5.RELEASE.jar]. Consider adding the JAR to the tomcat.util.scan.StandardJarScanFilter.jarsToSkip property in CATALINA_BASE/conf/catalina.properties file.
11-Apr-2020 08:39:38.221 FINE [main] org.apache.jasper.servlet.TldScanner$TldScannerCallback.scan No TLD files were found in [file:/opt/tomcat/webapps/wic2_war_exploded/WEB-INF/lib/jakarta.validation-api-2.0.2.jar]. Consider adding the JAR to the tomcat.util.scan.StandardJarScanFilter.jarsToSkip property in CATALINA_BASE/conf/catalina.properties file.
11-Apr-2020 08:39:38.304 FINE [main] org.apache.jasper.servlet.TldScanner$TldScannerCallback.scan TLD files were found in JAR [file:/opt/tomcat/webapps/wic2_war_exploded/WEB-INF/lib/spring-webmvc-5.2.5.RELEASE.jar].
11-Apr-2020 08:39:38.305 FINE [main] org.apache.jasper.servlet.TldScanner$TldScannerCallback.scan No TLD files were found in [file:/opt/tomcat/webapps/wic2_war_exploded/WEB-INF/lib/spring-jdbc-5.2.5.RELEASE.jar]. Consider adding the JAR to the tomcat.util.scan.StandardJarScanFilter.jarsToSkip property in CATALINA_BASE/conf/catalina.properties file.
11-Apr-2020 08:39:38.306 FINE [main] org.apache.jasper.servlet.TldScanner$TldScannerCallback.scan No TLD files were found in [file:/opt/tomcat/webapps/wic2_war_exploded/WEB-INF/lib/logback-classic-1.2.3.jar]. Consider adding the JAR to the tomcat.util.scan.StandardJarScanFilter.jarsToSkip property in CATALINA_BASE/conf/catalina.properties file.
11-Apr-2020 08:39:38.306 FINE [main] org.apache.jasper.servlet.TldScanner$TldScannerCallback.scan No TLD files were found in [file:/opt/tomcat/webapps/wic2_war_exploded/WEB-INF/lib/spring-boot-starter-json-2.2.6.RELEASE.jar]. Consider adding the JAR to the tomcat.util.scan.StandardJarScanFilter.jarsToSkip property in CATALINA_BASE/conf/catalina.properties file.
11-Apr-2020 08:39:38.320 FINE [main] org.apache.jasper.servlet.TldScanner$TldScannerCallback.scan No TLD files were found in [file:/opt/tomcat/webapps/wic2_war_exploded/WEB-INF/lib/spring-core-5.2.5.RELEASE.jar]. Consider adding the JAR to the tomcat.util.scan.StandardJarScanFilter.jarsToSkip property in CATALINA_BASE/conf/catalina.properties file.
11-Apr-2020 08:39:38.321 FINE [main] org.apache.jasper.servlet.TldScanner$TldScannerCallback.scan No TLD files were found in [file:/opt/tomcat/webapps/wic2_war_exploded/WEB-INF/lib/spring-data-commons-2.2.6.RELEASE.jar]. Consider adding the JAR to the tomcat.util.scan.StandardJarScanFilter.jarsToSkip property in CATALINA_BASE/conf/catalina.properties file.
11-Apr-2020 08:39:38.322 FINE [main] org.apache.jasper.servlet.TldScanner$TldScannerCallback.scan No TLD files were found in [file:/opt/tomcat/webapps/wic2_war_exploded/WEB-INF/lib/jackson-annotations-2.10.3.jar]. Consider adding the JAR to the tomcat.util.scan.StandardJarScanFilter.jarsToSkip property in CATALINA_BASE/conf/catalina.properties file.
11-Apr-2020 08:39:38.323 FINE [main] org.apache.jasper.servlet.TldScanner$TldScannerCallback.scan No TLD files were found in [file:/opt/tomcat/webapps/wic2_war_exploded/WEB-INF/lib/jackson-datatype-jdk8-2.10.3.jar]. Consider adding the JAR to the tomcat.util.scan.StandardJarScanFilter.jarsToSkip property in CATALINA_BASE/conf/catalina.properties file.
11-Apr-2020 08:39:38.324 INFO [main] org.apache.jasper.servlet.TldScanner.scanJars At least one JAR was scanned for TLDs yet contained no TLDs. Enable debug logging for this logger for a complete list of JARs that were scanned but no TLDs were found in them. Skipping unneeded JARs during scanning can improve startup time and JSP compilation time.

  .   ____          _            __ _ _
 /\\ / ___'_ __ _ _(_)_ __  __ _ \ \ \ \
( ( )\___ | '_ | '_| | '_ \/ _` | \ \ \ \
 \\/  ___)| |_)| | | | | || (_| |  ) ) ) )
  '  |____| .__|_| |_|_| |_\__, | / / / /
 =========|_|==============|___/=/_/_/_/
 :: Spring Boot ::        (v2.2.6.RELEASE)

2020-04-11 08:39:39.597  INFO 4973 --- [           main] com.sergo.wic.ServletInitializer         : Starting ServletInitializer v0.0.1-SNAPSHOT on 194-58-100-125.ovz.vps.regruhosting.ru with PID 4973 (/opt/tomcat/webapps/wic2_war_exploded/WEB-INF/classes started by tomcat in /)
2020-04-11 08:39:39.619  INFO 4973 --- [           main] com.sergo.wic.ServletInitializer         : No active profile set, falling back to default profiles: default
2020-04-11 08:39:41.712  INFO 4973 --- [           main] .s.d.r.c.RepositoryConfigurationDelegate : Bootstrapping Spring Data JPA repositories in DEFAULT mode.
2020-04-11 08:39:41.973  INFO 4973 --- [           main] .s.d.r.c.RepositoryConfigurationDelegate : Finished Spring Data repository scanning in 237ms. Found 7 JPA repository interfaces.
2020-04-11 08:39:43.304  INFO 4973 --- [           main] o.s.web.context.ContextLoader            : Root WebApplicationContext: initialization completed in 3544 ms
2020-04-11 08:39:44.296  INFO 4973 --- [           main] com.zaxxer.hikari.HikariDataSource       : HikariPool-1 - Starting...
2020-04-11 08:39:44.803  INFO 4973 --- [           main] com.zaxxer.hikari.HikariDataSource       : HikariPool-1 - Start completed.
2020-04-11 08:39:45.657  INFO 4973 --- [           main] o.hibernate.jpa.internal.util.LogHelper  : HHH000204: Processing PersistenceUnitInfo [name: default]
2020-04-11 08:39:46.000  INFO 4973 --- [           main] org.hibernate.Version                    : HHH000412: Hibernate ORM core version 5.4.12.Final
2020-04-11 08:39:46.497  INFO 4973 --- [           main] o.hibernate.annotations.common.Version   : HCANN000001: Hibernate Commons Annotations {5.1.0.Final}
2020-04-11 08:39:46.907  INFO 4973 --- [           main] org.hibernate.dialect.Dialect            : HHH000400: Using dialect: org.hibernate.dialect.PostgreSQL9Dialect
Hibernate: create table companies (id  bigserial not null, address varchar(255), code int4, internet_shop varchar(255), label bytea, login varchar(255), phone varchar(255), primary key (id))
Hibernate: alter table shares add constraint FK3fm4apvet0nv9od7iomh0agj5 foreign key (user_id) references users
Hibernate: alter table users add constraint FKin8gn4o1hpiwe6qe4ey7ykwq7 foreign key (company_id) references companies
2020-04-11 08:39:50.271  INFO 4973 --- [           main] o.h.e.t.j.p.i.JtaPlatformInitiator       : HHH000490: Using JtaPlatform implementation: [org.hibernate.engine.transaction.jta.platform.internal.NoJtaPlatform]
2020-04-11 08:39:50.285  INFO 4973 --- [           main] j.LocalContainerEntityManagerFactoryBean : Initialized JPA EntityManagerFactory for persistence unit 'default'
2020-04-11 08:39:52.810  WARN 4973 --- [           main] JpaBaseConfiguration$JpaWebConfiguration : spring.jpa.open-in-view is enabled by default. Therefore, database queries may be performed during view rendering. Explicitly configure spring.jpa.open-in-view to disable this warning
2020-04-11 08:39:53.168  INFO 4973 --- [           main] o.s.s.concurrent.ThreadPoolTaskExecutor  : Initializing ExecutorService 'applicationTaskExecutor'
2020-04-11 08:39:53.910  INFO 4973 --- [           main] com.sergo.wic.ServletInitializer         : Started ServletInitializer in 15.245 seconds (JVM running for 24.187)
11-Apr-2020 08:39:53.945 INFO [main] org.apache.catalina.startup.HostConfig.deployDirectory Deployment of web application directory [/opt/tomcat/webapps/wic2_war_exploded] has finished in [20,406] ms
11-Apr-2020 08:39:53.946 INFO [main] org.apache.catalina.startup.HostConfig.deployDirectory Deploying web application directory [/opt/tomcat/webapps/examples]
11-Apr-2020 08:39:54.237 FINE [main] org.apache.jasper.servlet.TldScanner.scanResourcePaths No TLD files were found in resource path [/WEB-INF/jsp/applet/].
11-Apr-2020 08:39:54.244 FINE [main] org.apache.jasper.servlet.TldScanner.scanResourcePaths TLD files were found in resource path [/WEB-INF/jsp/].
11-Apr-2020 08:39:54.244 FINE [main] org.apache.jasper.servlet.TldScanner.scanResourcePaths No TLD files were found in resource path [/WEB-INF/tags/].
11-Apr-2020 08:39:54.246 FINE [main] org.apache.jasper.servlet.TldScanner.scanResourcePaths TLD files were found in resource path [/WEB-INF/jsp2/].
11-Apr-2020 08:39:54.246 FINE [main] org.apache.jasper.servlet.TldScanner.scanResourcePaths No TLD files were found in resource path [/WEB-INF/].
11-Apr-2020 08:39:54.347 FINE [main] org.apache.jasper.servlet.TldScanner$TldScannerCallback.scan TLD files were found in JAR [file:/opt/tomcat/webapps/examples/WEB-INF/lib/taglibs-standard-impl-1.2.5.jar].
11-Apr-2020 08:39:54.389 INFO [main] org.apache.catalina.startup.HostConfig.deployDirectory Deployment of web application directory [/opt/tomcat/webapps/examples] has finished in [443] ms
11-Apr-2020 08:39:54.389 INFO [main] org.apache.catalina.startup.HostConfig.deployDirectory Deploying web application directory [/opt/tomcat/webapps/manager]
11-Apr-2020 08:39:54.418 FINE [main] org.apache.jasper.servlet.TldScanner.scanResourcePaths No TLD files were found in resource path [/WEB-INF/jsp/].
11-Apr-2020 08:39:54.420 FINE [main] org.apache.jasper.servlet.TldScanner.scanResourcePaths No TLD files were found in resource path [/WEB-INF/].
11-Apr-2020 08:39:54.464 INFO [main] org.apache.catalina.startup.HostConfig.deployDirectory Deployment of web application directory [/opt/tomcat/webapps/manager] has finished in [75] ms
11-Apr-2020 08:39:54.464 INFO [main] org.apache.catalina.startup.HostConfig.deployDirectory Deploying web application directory [/opt/tomcat/webapps/docs]
11-Apr-2020 08:39:54.489 FINE [main] org.apache.jasper.servlet.TldScanner.scanResourcePaths No TLD files were found in resource path [/WEB-INF/].
11-Apr-2020 08:39:54.504 INFO [main] org.apache.catalina.startup.HostConfig.deployDirectory Deployment of web application directory [/opt/tomcat/webapps/docs] has finished in [40] ms
11-Apr-2020 08:39:54.509 INFO [main] org.apache.coyote.AbstractProtocol.start Starting ProtocolHandler ["http-nio-5000"]
11-Apr-2020 08:39:54.573 INFO [main] org.apache.catalina.startup.Catalina.start Server startup in [23,237] milliseconds
2020-04-11 08:39:54.759  INFO 4973 --- [nio-5000-exec-1] o.s.web.servlet.DispatcherServlet        : Initializing Servlet 'dispatcherServlet'
2020-04-11 08:39:54.785  INFO 4973 --- [nio-5000-exec-1] o.s.web.servlet.DispatcherServlet        : Completed initialization in 26 ms
